<?xml version="1.0" encoding="UTF-8"?>
<!-- Generated by org.testng.reporters.JUnitReportReporter -->
<testsuite hostname="DESKTOP-I0RRQDA" failures="0" tests="1" name="com.orangehrm.login.LoginTest" time="46.592" errors="0" timestamp="05 Aug 2022 03:50:54 GMT" skipped="0">
  <testcase classname="com.orangehrm.login.LoginTest" name="verifyUrl" time="46.592"/>
</testsuite> <!-- com.orangehrm.login.LoginTest -->
