<?xml version="1.0" encoding="UTF-8"?>
<!-- Generated by org.testng.reporters.JUnitReportReporter -->
<testsuite skipped="0" hostname="DESKTOP-I0RRQDA" name="com.orangehrm.login.LoginTest" tests="1" failures="0" timestamp="09 Aug 2022 06:41:08 GMT" time="21.118" errors="0">
  <testcase name="verifyUrl" time="21.118" classname="com.orangehrm.login.LoginTest"/>
</testsuite> <!-- com.orangehrm.login.LoginTest -->
